<?xml version="1.0" encoding="UTF-8"?>
<!-- Generated by org.testng.reporters.JUnitReportReporter -->
<testsuite hostname="HYDPCM536276L" failures="0" tests="1" name="Abce.Abce.Assignment5" time="3.069" errors="0" timestamp="2022-05-04T11:29:09 IST" skipped="0">
  <testcase classname="Abce.Abce.Assignment5" name="test" time="3.069"/>
  <system-out/>
</testsuite> <!-- Abce.Abce.Assignment5 -->
