<?xml version="1.0" encoding="UTF-8"?>
<!-- Generated by org.testng.reporters.JUnitReportReporter -->
<testsuite hostname="HYDPCM536276L" failures="0" tests="1" name="Abce.Abce.App" time="20.360" errors="0" timestamp="2022-05-02T21:08:48 IST" skipped="0">
  <testcase classname="Abce.Abce.App" name="test" time="20.360"/>
  <system-out/>
</testsuite> <!-- Abce.Abce.App -->
