<?xml version="1.0" encoding="UTF-8"?>
<!-- Generated by org.testng.reporters.JUnitReportReporter -->
<testsuite hostname="HYDPCM536276L" failures="0" tests="1" name="Abce.Abce.PopUp" time="20.764" errors="0" timestamp="2022-05-09T13:13:26 IST" skipped="0">
  <testcase classname="Abce.Abce.PopUp" name="A3Popups" time="20.764"/>
  <system-out/>
</testsuite> <!-- Abce.Abce.PopUp -->
