<?xml version="1.0" encoding="UTF-8"?>
<!-- Generated by org.testng.reporters.JUnitReportReporter -->
<testsuite hostname="HYDPCM536276L" failures="0" tests="1" name="Abce.Abce.Assignment9" time="8.193" errors="0" timestamp="2022-05-04T11:48:30 IST" skipped="0">
  <testcase classname="Abce.Abce.Assignment9" name="test" time="8.193"/>
  <system-out/>
</testsuite> <!-- Abce.Abce.Assignment9 -->
