<?xml version="1.0" encoding="UTF-8"?>
<!-- Generated by org.testng.reporters.JUnitReportReporter -->
<testsuite hostname="HYDPCM536276L" failures="0" tests="1" name="Abce.Abce.Assignment6" time="2.319" errors="0" timestamp="2022-05-04T11:26:57 IST" skipped="0">
  <testcase classname="Abce.Abce.Assignment6" name="test" time="2.319"/>
  <system-out/>
</testsuite> <!-- Abce.Abce.Assignment6 -->
