<?xml version="1.0" encoding="UTF-8"?>
<!-- Generated by org.testng.reporters.JUnitReportReporter -->
<testsuite hostname="HYDPCM536276L" failures="0" tests="1" name="Abce.Abce.Assignment7" time="8.303" errors="0" timestamp="2022-05-04T11:39:59 IST" skipped="0">
  <testcase classname="Abce.Abce.Assignment7" name="test" time="8.303"/>
  <system-out/>
</testsuite> <!-- Abce.Abce.Assignment7 -->
