<?xml version="1.0" encoding="UTF-8"?>
<!-- Generated by org.testng.reporters.JUnitReportReporter -->
<testsuite hostname="HYDPCM536276L" failures="0" tests="1" name="Abce.Abce.Assignment8" time="17.943" errors="0" timestamp="2022-05-04T12:09:13 IST" skipped="0">
  <testcase classname="Abce.Abce.Assignment8" name="links" time="17.943"/>
  <system-out/>
</testsuite> <!-- Abce.Abce.Assignment8 -->
