<?xml version="1.0" encoding="UTF-8"?>
<!-- Generated by org.testng.reporters.JUnitReportReporter -->
<testsuite hostname="HYDPCM536276L" failures="0" tests="1" name="Abce.Abce.Dropdown" time="38.744" errors="0" timestamp="2022-05-02T21:24:23 IST" skipped="0">
  <testcase classname="Abce.Abce.Dropdown" name="test" time="38.744"/>
  <system-out/>
</testsuite> <!-- Abce.Abce.Dropdown -->
