<?xml version="1.0" encoding="UTF-8"?>
<!-- Generated by org.testng.reporters.JUnitReportReporter -->
<testsuite hostname="HYDPCM536276L" failures="0" tests="1" name="Abce.Abce.Google" time="23.091" errors="0" timestamp="2022-05-09T12:06:15 IST" skipped="0">
  <testcase classname="Abce.Abce.Google" name="A4SearchGoogle" time="23.091"/>
  <system-out/>
</testsuite> <!-- Abce.Abce.Google -->
